<?xml version="1.0" encoding="UTF-8"?>
<testng-results ignored="0" total="1" passed="1" failed="0" skipped="0">
  <reporter-output>
  </reporter-output>
  <suite started-at="2021-04-21T16:05:49 CEST" name="Default suite" finished-at="2021-04-21T16:06:04 CEST" duration-ms="14579">
    <groups>
    </groups>
    <test started-at="2021-04-21T16:05:49 CEST" name="Default test" finished-at="2021-04-21T16:06:04 CEST" duration-ms="14579">
      <class name="autoIT.AutoITDemo">
        <test-method signature="Test1()[pri:0, instance:autoIT.AutoITDemo@291ae]" started-at="2021-04-21T16:05:49 CEST" name="Test1" finished-at="2021-04-21T16:06:04 CEST" duration-ms="14511" status="PASS">
          <reporter-output>
          </reporter-output>
        </test-method> <!-- Test1 -->
      </class> <!-- autoIT.AutoITDemo -->
    </test> <!-- Default test -->
  </suite> <!-- Default suite -->
</testng-results>
