<?xml version="1.0" encoding="UTF-8"?>
<testng-results ignored="0" total="1" passed="1" failed="0" skipped="0">
  <reporter-output>
  </reporter-output>
  <suite started-at="2021-04-21T19:20:06 CEST" name="Default suite" finished-at="2021-04-21T19:20:13 CEST" duration-ms="7118">
    <groups>
    </groups>
    <test started-at="2021-04-21T19:20:06 CEST" name="Default test" finished-at="2021-04-21T19:20:13 CEST" duration-ms="7118">
      <class name="katalon.KatalonDemo">
        <test-method is-config="true" signature="setUp()[pri:0, instance:katalon.KatalonDemo@4567f35d]" started-at="2021-04-21T19:20:06 CEST" name="setUp" finished-at="2021-04-21T19:20:07 CEST" duration-ms="1789" status="PASS">
          <reporter-output>
          </reporter-output>
        </test-method> <!-- setUp -->
        <test-method signature="testUntitledTestCase()[pri:0, instance:katalon.KatalonDemo@4567f35d]" started-at="2021-04-21T19:20:07 CEST" name="testUntitledTestCase" finished-at="2021-04-21T19:20:13 CEST" duration-ms="5150" status="PASS">
          <reporter-output>
          </reporter-output>
        </test-method> <!-- testUntitledTestCase -->
        <test-method is-config="true" signature="tearDown()[pri:0, instance:katalon.KatalonDemo@4567f35d]" started-at="2021-04-21T19:20:13 CEST" name="tearDown" finished-at="2021-04-21T19:20:13 CEST" duration-ms="143" status="PASS">
          <reporter-output>
          </reporter-output>
        </test-method> <!-- tearDown -->
      </class> <!-- katalon.KatalonDemo -->
    </test> <!-- Default test -->
  </suite> <!-- Default suite -->
</testng-results>
