<?xml version="1.0" encoding="UTF-8"?>
<!-- Generated by org.testng.reporters.JUnitXMLReporter -->
<testsuite ignored="1" hostname="DESKTOP-O5BG9N5" failures="0" tests="2" name="Default test(failed)" time="0.084" errors="0" timestamp="2021-04-19T23:48:55 CEST">
  <testcase classname="rerunFailed.RerunFailedTC" name="Test2" time="0.011"/>
  <testcase classname="rerunFailed.RerunFailedTC" name="Test3" time="0.007"/>
  <testcase classname="rerunFailed.RerunFailedTC" name="Test1" time="0.0">
    <ignored/>
  </testcase> <!-- Test1 -->
</testsuite> <!-- Default test(failed) -->
