<?xml version="1.0" encoding="UTF-8"?>
<!-- Generated by org.testng.reporters.JUnitXMLReporter -->
<testsuite ignored="0" hostname="DESKTOP-O5BG9N5" failures="0" tests="6" name="Test" time="0.061" errors="0" timestamp="2021-04-19T16:59:20 CEST">
  <testcase classname="testNGGrouping.GroupingDemo" name="Test1" time="0.007"/>
  <testcase classname="testNGGrouping.GroupingDemo" name="Test2" time="0.001"/>
  <testcase classname="testNGGrouping.GroupingDemo" name="Test3" time="0.001"/>
  <testcase classname="testNGGrouping.GroupingDemo" name="Test4" time="0.001"/>
  <testcase classname="testNGGrouping.GroupingDemo" name="Test5" time="0.001"/>
  <testcase classname="testNGGrouping.GroupingDemo" name="Test6" time="0.001"/>
</testsuite> <!-- Test -->
